<testsuite failures="0" name="org/hyalen/karate/feature/user.feature" skipped="0" tests="4" time="1.156643">
  <testcase classname="org.hyalen.karate.feature.user" name="Fetch all users" time="1.051624">
    <system-out>* url mockServerUrl ....................................................... passed
Given path 'users' ........................................................ passed
When method GET ........................................................... passed
Then status 200 ........................................................... passed
And print 'CALIFORNIA ---&gt;' + path ........................................ passed
And match $ == {name:'Hyalen Moreira'} .................................... passed</system-out>
  </testcase>
  <testcase classname="org.hyalen.karate.feature.user" name="Fetch user by index" time="0.034725">
    <system-out>* url mockServerUrl ....................................................... passed
Given path 'users' ........................................................ passed
When method GET ........................................................... passed
Then status 200 ........................................................... passed
And print 'CALIFORNIA ---&gt;' + path ........................................ passed
And match $ == {name:'Hyalen Moreira'} .................................... passed
* url mockServerUrl ....................................................... passed
Given path 'users/1' ...................................................... passed
When method GET ........................................................... passed
Then status 200 ........................................................... passed
And match $ == {index:'1'} ................................................ passed</system-out>
  </testcase>
  <testcase classname="org.hyalen.karate.feature.user" name="Fetch all users" time="0.027012">
    <system-out>* url mockServerUrl ....................................................... passed
Given path 'users' ........................................................ passed
When method GET ........................................................... passed
Then status 200 ........................................................... passed
And print 'CALIFORNIA ---&gt;' + path ........................................ passed
And match $ == {name:'Hyalen Moreira'} .................................... passed
* url mockServerUrl ....................................................... passed
Given path 'users/1' ...................................................... passed
When method GET ........................................................... passed
Then status 200 ........................................................... passed
And match $ == {index:'1'} ................................................ passed
* url mockServerUrl ....................................................... passed
Given path 'dummy' ........................................................ passed
When method GET ........................................................... passed
Then status 404 ........................................................... passed</system-out>
  </testcase>
  <testcase classname="org.hyalen.karate.feature.user" name="Create an user" time="0.043282">
    <system-out>* url mockServerUrl ....................................................... passed
Given path 'users' ........................................................ passed
When method GET ........................................................... passed
Then status 200 ........................................................... passed
And print 'CALIFORNIA ---&gt;' + path ........................................ passed
And match $ == {name:'Hyalen Moreira'} .................................... passed
* url mockServerUrl ....................................................... passed
Given path 'users/1' ...................................................... passed
When method GET ........................................................... passed
Then status 200 ........................................................... passed
And match $ == {index:'1'} ................................................ passed
* url mockServerUrl ....................................................... passed
Given path 'dummy' ........................................................ passed
When method GET ........................................................... passed
Then status 404 ........................................................... passed
* url mockServerUrl ....................................................... passed
Given path 'users' ........................................................ passed
And request { userId : '111'} ............................................. passed
When method POST .......................................................... passed
Then status 201 ........................................................... passed
And match response == {id : '111'} ........................................ passed</system-out>
  </testcase>
</testsuite>
