<testsuite failures="0" name="org/hyalen/karate/feature/_mock.feature" skipped="0" tests="4" time="0.011591">
  <testcase classname="org.hyalen.karate.feature._mock" name="pathMatches('/users') &amp;&amp; methodIs('get')" time="0.000562">
    <system-out>* def param = {} .......................................................... passed
* def responseStatus = 200 ................................................ passed
* def response = { name: 'Hyalen Moreira' } ............................... passed</system-out>
  </testcase>
  <testcase classname="org.hyalen.karate.feature._mock" name="pathMatches('/users/{index}') &amp;&amp; methodIs('get')" time="0.002809">
    <system-out>* def param = {} .......................................................... passed
* def responseStatus = 200 ................................................ passed
* def response = { name: 'Hyalen Moreira' } ............................... passed
* def param = {} .......................................................... passed
* def param = { index : '#(pathParams.index)' } ........................... passed
* def responseStatus = 200 ................................................ passed
* def response = { index: '#(param.index)' } .............................. passed</system-out>
  </testcase>
  <testcase classname="org.hyalen.karate.feature._mock" name="pathMatches('/users') &amp;&amp; methodIs('post')" time="0.007711">
    <system-out>* def param = {} .......................................................... passed
* def responseStatus = 200 ................................................ passed
* def response = { name: 'Hyalen Moreira' } ............................... passed
* def param = {} .......................................................... passed
* def param = { index : '#(pathParams.index)' } ........................... passed
* def responseStatus = 200 ................................................ passed
* def response = { index: '#(param.index)' } .............................. passed
* def param = {} .......................................................... passed
* def requestUser = {request : '#(request)'} .............................. passed
* def responseStatus = 201 ................................................ passed
* def response = { id : '#(requestUser.request.userId)' } ................. passed</system-out>
  </testcase>
  <testcase classname="org.hyalen.karate.feature._mock" name="4" time="0.000508">
    <system-out>* def param = {} .......................................................... passed
* def responseStatus = 200 ................................................ passed
* def response = { name: 'Hyalen Moreira' } ............................... passed
* def param = {} .......................................................... passed
* def param = { index : '#(pathParams.index)' } ........................... passed
* def responseStatus = 200 ................................................ passed
* def response = { index: '#(param.index)' } .............................. passed
* def param = {} .......................................................... passed
* def requestUser = {request : '#(request)'} .............................. passed
* def responseStatus = 201 ................................................ passed
* def response = { id : '#(requestUser.request.userId)' } ................. passed
* def param = {} .......................................................... passed
* def responseStatus = 404 ................................................ passed</system-out>
  </testcase>
</testsuite>
